{"C:\\Users\\EmmanuelAsaber\\Desktop\\amalitech\\skilled-thermostat-debugger\\functions.js": {"path":"C:\\Users\\EmmanuelAsaber\\Desktop\\amalitech\\skilled-thermostat-debugger\\functions.js","statementMap":{"0":{"start":{"line":6,"column":29},"end":{"line":6,"column":62}},"1":{"start":{"line":7,"column":4},"end":{"line":7,"column":32}},"2":{"start":{"line":11,"column":16},"end":{"line":11,"column":26}},"3":{"start":{"line":12,"column":25},"end":{"line":12,"column":67}},"4":{"start":{"line":13,"column":27},"end":{"line":13,"column":71}},"5":{"start":{"line":15,"column":18},"end":{"line":15,"column":54}},"6":{"start":{"line":16,"column":23},"end":{"line":16,"column":67}},"7":{"start":{"line":17,"column":25},"end":{"line":17,"column":71}},"8":{"start":{"line":19,"column":4},"end":{"line":22,"column":6}},"9":{"start":{"line":26,"column":29},"end":{"line":26,"column":59}},"10":{"start":{"line":27,"column":4},"end":{"line":27,"column":89}},"11":{"start":{"line":31,"column":4},"end":{"line":31,"column":60}},"12":{"start":{"line":34,"column":4},"end":{"line":45,"column":5}},"13":{"start":{"line":35,"column":24},"end":{"line":35,"column":54}},"14":{"start":{"line":36,"column":6},"end":{"line":36,"column":28}},"15":{"start":{"line":37,"column":6},"end":{"line":37,"column":55}},"16":{"start":{"line":39,"column":21},"end":{"line":39,"column":48}},"17":{"start":{"line":40,"column":6},"end":{"line":42,"column":63}},"18":{"start":{"line":41,"column":27},"end":{"line":41,"column":63}},"19":{"start":{"line":42,"column":27},"end":{"line":42,"column":61}},"20":{"start":{"line":44,"column":6},"end":{"line":44,"column":39}},"21":{"start":{"line":49,"column":27},"end":{"line":49,"column":54}},"22":{"start":{"line":50,"column":18},"end":{"line":50,"column":43}},"23":{"start":{"line":51,"column":20},"end":{"line":51,"column":43}},"24":{"start":{"line":52,"column":19},"end":{"line":52,"column":22}},"25":{"start":{"line":54,"column":4},"end":{"line":57,"column":6}},"26":{"start":{"line":61,"column":17},"end":{"line":61,"column":38}},"27":{"start":{"line":62,"column":19},"end":{"line":62,"column":21}},"28":{"start":{"line":64,"column":4},"end":{"line":65,"column":39}},"29":{"start":{"line":64,"column":33},"end":{"line":64,"column":47}},"30":{"start":{"line":65,"column":9},"end":{"line":65,"column":39}},"31":{"start":{"line":65,"column":25},"end":{"line":65,"column":39}},"32":{"start":{"line":67,"column":4},"end":{"line":67,"column":43}},"33":{"start":{"line":67,"column":29},"end":{"line":67,"column":43}},"34":{"start":{"line":68,"column":4},"end":{"line":68,"column":42}},"35":{"start":{"line":68,"column":28},"end":{"line":68,"column":42}},"36":{"start":{"line":70,"column":4},"end":{"line":70,"column":48}},"37":{"start":{"line":75,"column":4},"end":{"line":84,"column":6}},"38":{"start":{"line":88,"column":4},"end":{"line":104,"column":6}},"39":{"start":{"line":90,"column":26},"end":{"line":90,"column":47}},"40":{"start":{"line":91,"column":31},"end":{"line":91,"column":57}},"41":{"start":{"line":92,"column":31},"end":{"line":92,"column":57}},"42":{"start":{"line":93,"column":23},"end":{"line":93,"column":39}},"43":{"start":{"line":94,"column":23},"end":{"line":94,"column":39}},"44":{"start":{"line":96,"column":8},"end":{"line":96,"column":55}},"45":{"start":{"line":97,"column":8},"end":{"line":102,"column":9}},"46":{"start":{"line":98,"column":25},"end":{"line":98,"column":68}},"47":{"start":{"line":99,"column":10},"end":{"line":99,"column":71}},"48":{"start":{"line":101,"column":10},"end":{"line":101,"column":67}},"49":{"start":{"line":108,"column":30},"end":{"line":108,"column":109}},"50":{"start":{"line":109,"column":30},"end":{"line":113,"column":6}}},"fnMap":{"0":{"name":"convertTimeToMinutes","decl":{"start":{"line":5,"column":16},"end":{"line":5,"column":36}},"loc":{"start":{"line":5,"column":49},"end":{"line":8,"column":3}},"line":5},"1":{"name":"getCurrentTimes","decl":{"start":{"line":10,"column":18},"end":{"line":10,"column":33}},"loc":{"start":{"line":10,"column":36},"end":{"line":23,"column":3}},"line":10},"2":{"name":"formatDisplayTime","decl":{"start":{"line":25,"column":18},"end":{"line":25,"column":35}},"loc":{"start":{"line":25,"column":45},"end":{"line":28,"column":3}},"line":25},"3":{"name":"isValidTime","decl":{"start":{"line":30,"column":18},"end":{"line":30,"column":29}},"loc":{"start":{"line":30,"column":39},"end":{"line":32,"column":3}},"line":30},"4":{"name":"speak","decl":{"start":{"line":33,"column":11},"end":{"line":33,"column":16}},"loc":{"start":{"line":33,"column":41},"end":{"line":46,"column":3}},"line":33},"5":{"name":"(anonymous_5)","decl":{"start":{"line":41,"column":22},"end":{"line":41,"column":23}},"loc":{"start":{"line":41,"column":27},"end":{"line":41,"column":63}},"line":41},"6":{"name":"(anonymous_6)","decl":{"start":{"line":42,"column":22},"end":{"line":42,"column":23}},"loc":{"start":{"line":42,"column":27},"end":{"line":42,"column":61}},"line":42},"7":{"name":"calculatePointPosition","decl":{"start":{"line":48,"column":18},"end":{"line":48,"column":40}},"loc":{"start":{"line":48,"column":51},"end":{"line":58,"column":3}},"line":48},"8":{"name":"predictOptimalTemp","decl":{"start":{"line":60,"column":18},"end":{"line":60,"column":36}},"loc":{"start":{"line":60,"column":56},"end":{"line":71,"column":3}},"line":60},"9":{"name":"createRoomForStorage","decl":{"start":{"line":74,"column":18},"end":{"line":74,"column":38}},"loc":{"start":{"line":74,"column":45},"end":{"line":85,"column":3}},"line":74},"10":{"name":"createRoomWithMethods","decl":{"start":{"line":87,"column":18},"end":{"line":87,"column":39}},"loc":{"start":{"line":87,"column":50},"end":{"line":105,"column":3}},"line":87},"11":{"name":"(anonymous_11)","decl":{"start":{"line":90,"column":6},"end":{"line":90,"column":7}},"loc":{"start":{"line":90,"column":24},"end":{"line":90,"column":49}},"line":90},"12":{"name":"(anonymous_12)","decl":{"start":{"line":91,"column":6},"end":{"line":91,"column":7}},"loc":{"start":{"line":91,"column":29},"end":{"line":91,"column":59}},"line":91},"13":{"name":"(anonymous_13)","decl":{"start":{"line":92,"column":6},"end":{"line":92,"column":7}},"loc":{"start":{"line":92,"column":29},"end":{"line":92,"column":59}},"line":92},"14":{"name":"(anonymous_14)","decl":{"start":{"line":93,"column":6},"end":{"line":93,"column":7}},"loc":{"start":{"line":93,"column":21},"end":{"line":93,"column":41}},"line":93},"15":{"name":"(anonymous_15)","decl":{"start":{"line":94,"column":6},"end":{"line":94,"column":7}},"loc":{"start":{"line":94,"column":21},"end":{"line":94,"column":41}},"line":94},"16":{"name":"(anonymous_16)","decl":{"start":{"line":95,"column":6},"end":{"line":95,"column":7}},"loc":{"start":{"line":95,"column":21},"end":{"line":103,"column":7}},"line":95}},"branchMap":{"0":{"loc":{"start":{"line":33,"column":23},"end":{"line":33,"column":39}},"type":"default-arg","locations":[{"start":{"line":33,"column":34},"end":{"line":33,"column":39}}],"line":33},"1":{"loc":{"start":{"line":34,"column":4},"end":{"line":45,"column":5}},"type":"if","locations":[{"start":{"line":34,"column":4},"end":{"line":45,"column":5}},{"start":{},"end":{}}],"line":34},"2":{"loc":{"start":{"line":37,"column":25},"end":{"line":37,"column":54}},"type":"cond-expr","locations":[{"start":{"line":37,"column":47},"end":{"line":37,"column":48}},{"start":{"line":37,"column":51},"end":{"line":37,"column":54}}],"line":37},"3":{"loc":{"start":{"line":40,"column":24},"end":{"line":42,"column":62}},"type":"cond-expr","locations":[{"start":{"line":41,"column":10},"end":{"line":41,"column":64}},{"start":{"line":42,"column":10},"end":{"line":42,"column":62}}],"line":40},"4":{"loc":{"start":{"line":64,"column":4},"end":{"line":65,"column":39}},"type":"if","locations":[{"start":{"line":64,"column":4},"end":{"line":65,"column":39}},{"start":{"line":65,"column":9},"end":{"line":65,"column":39}}],"line":64},"5":{"loc":{"start":{"line":64,"column":8},"end":{"line":64,"column":31}},"type":"binary-expr","locations":[{"start":{"line":64,"column":8},"end":{"line":64,"column":18}},{"start":{"line":64,"column":22},"end":{"line":64,"column":31}}],"line":64},"6":{"loc":{"start":{"line":65,"column":9},"end":{"line":65,"column":39}},"type":"if","locations":[{"start":{"line":65,"column":9},"end":{"line":65,"column":39}},{"start":{},"end":{}}],"line":65},"7":{"loc":{"start":{"line":67,"column":4},"end":{"line":67,"column":43}},"type":"if","locations":[{"start":{"line":67,"column":4},"end":{"line":67,"column":43}},{"start":{},"end":{}}],"line":67},"8":{"loc":{"start":{"line":68,"column":4},"end":{"line":68,"column":42}},"type":"if","locations":[{"start":{"line":68,"column":4},"end":{"line":68,"column":42}},{"start":{},"end":{}}],"line":68},"9":{"loc":{"start":{"line":97,"column":8},"end":{"line":102,"column":9}},"type":"if","locations":[{"start":{"line":97,"column":8},"end":{"line":102,"column":9}},{"start":{"line":100,"column":15},"end":{"line":102,"column":9}}],"line":97},"10":{"loc":{"start":{"line":98,"column":25},"end":{"line":98,"column":68}},"type":"cond-expr","locations":[{"start":{"line":98,"column":47},"end":{"line":98,"column":56}},{"start":{"line":98,"column":59},"end":{"line":98,"column":68}}],"line":98}},"s":{"0":4,"1":4,"2":0,"3":0,"4":0,"5":0,"6":0,"7":0,"8":0,"9":0,"10":0,"11":7,"12":0,"13":0,"14":0,"15":0,"16":0,"17":0,"18":0,"19":0,"20":0,"21":3,"22":3,"23":3,"24":3,"25":3,"26":2,"27":2,"28":2,"29":0,"30":2,"31":0,"32":2,"33":2,"34":2,"35":0,"36":2,"37":1,"38":4,"39":0,"40":0,"41":0,"42":0,"43":0,"44":0,"45":0,"46":0,"47":0,"48":0,"49":1,"50":1},"f":{"0":4,"1":0,"2":0,"3":7,"4":0,"5":0,"6":0,"7":3,"8":2,"9":1,"10":4,"11":0,"12":0,"13":0,"14":0,"15":0,"16":0},"b":{"0":[0],"1":[0,0],"2":[0,0],"3":[0,0],"4":[0,2],"5":[2,2],"6":[0,2],"7":[2,0],"8":[0,2],"9":[0,0],"10":[0,0]},"_coverageSchema":"1a1c01bbd47fc00a2c39e90264f33305004495a9","hash":"c389a564c2ff1480bc99bd780c911ff10d54f9c6"}
,"C:\\Users\\EmmanuelAsaber\\Desktop\\amalitech\\skilled-thermostat-debugger\\main.js": {"path":"C:\\Users\\EmmanuelAsaber\\Desktop\\amalitech\\skilled-thermostat-debugger\\main.js","statementMap":{"0":{"start":{"line":19,"column":12},"end":{"line":19,"column":14}},"1":{"start":{"line":20,"column":19},"end":{"line":20,"column":21}},"2":{"start":{"line":25,"column":21},"end":{"line":25,"column":59}},"3":{"start":{"line":26,"column":2},"end":{"line":30,"column":3}},"4":{"start":{"line":27,"column":24},"end":{"line":27,"column":46}},"5":{"start":{"line":29,"column":4},"end":{"line":29,"column":64}},"6":{"start":{"line":29,"column":35},"end":{"line":29,"column":62}},"7":{"start":{"line":33,"column":2},"end":{"line":74,"column":4}},"8":{"start":{"line":79,"column":22},"end":{"line":79,"column":67}},"9":{"start":{"line":79,"column":40},"end":{"line":79,"column":66}},"10":{"start":{"line":80,"column":2},"end":{"line":80,"column":70}},"11":{"start":{"line":85,"column":19},"end":{"line":85,"column":51}},"12":{"start":{"line":86,"column":19},"end":{"line":86,"column":51}},"13":{"start":{"line":87,"column":2},"end":{"line":87,"column":93}},"14":{"start":{"line":91,"column":2},"end":{"line":93,"column":27}},"15":{"start":{"line":97,"column":2},"end":{"line":97,"column":35}},"16":{"start":{"line":98,"column":2},"end":{"line":98,"column":68}},"17":{"start":{"line":99,"column":2},"end":{"line":99,"column":75}},"18":{"start":{"line":100,"column":2},"end":{"line":100,"column":26}},"19":{"start":{"line":101,"column":2},"end":{"line":101,"column":18}},"20":{"start":{"line":104,"column":2},"end":{"line":104,"column":33}},"21":{"start":{"line":108,"column":18},"end":{"line":108,"column":49}},"22":{"start":{"line":109,"column":18},"end":{"line":109,"column":49}},"23":{"start":{"line":111,"column":2},"end":{"line":111,"column":92}},"24":{"start":{"line":112,"column":2},"end":{"line":112,"column":92}},"25":{"start":{"line":116,"column":22},"end":{"line":116,"column":53}},"26":{"start":{"line":117,"column":2},"end":{"line":117,"column":65}},"27":{"start":{"line":118,"column":2},"end":{"line":118,"column":30}},"28":{"start":{"line":123,"column":21},"end":{"line":123,"column":53}},"29":{"start":{"line":124,"column":2},"end":{"line":129,"column":5}},"30":{"start":{"line":125,"column":19},"end":{"line":125,"column":51}},"31":{"start":{"line":126,"column":4},"end":{"line":126,"column":29}},"32":{"start":{"line":127,"column":4},"end":{"line":127,"column":35}},"33":{"start":{"line":128,"column":4},"end":{"line":128,"column":35}},"34":{"start":{"line":133,"column":2},"end":{"line":133,"column":26}},"35":{"start":{"line":134,"column":15},"end":{"line":134,"column":53}},"36":{"start":{"line":134,"column":33},"end":{"line":134,"column":52}},"37":{"start":{"line":136,"column":2},"end":{"line":136,"column":35}},"38":{"start":{"line":137,"column":2},"end":{"line":137,"column":68}},"39":{"start":{"line":138,"column":2},"end":{"line":138,"column":26}},"40":{"start":{"line":139,"column":2},"end":{"line":139,"column":62}},"41":{"start":{"line":140,"column":2},"end":{"line":140,"column":75}},"42":{"start":{"line":143,"column":2},"end":{"line":143,"column":33}},"43":{"start":{"line":148,"column":32},"end":{"line":148,"column":72}},"44":{"start":{"line":149,"column":18},"end":{"line":149,"column":20}},"45":{"start":{"line":151,"column":2},"end":{"line":173,"column":5}},"46":{"start":{"line":152,"column":4},"end":{"line":172,"column":12}},"47":{"start":{"line":175,"column":2},"end":{"line":175,"column":46}},"48":{"start":{"line":176,"column":2},"end":{"line":176,"column":23}},"49":{"start":{"line":181,"column":15},"end":{"line":181,"column":57}},"50":{"start":{"line":181,"column":33},"end":{"line":181,"column":56}},"51":{"start":{"line":183,"column":2},"end":{"line":189,"column":3}},"52":{"start":{"line":184,"column":4},"end":{"line":184,"column":24}},"53":{"start":{"line":185,"column":4},"end":{"line":185,"column":56}},"54":{"start":{"line":186,"column":9},"end":{"line":189,"column":3}},"55":{"start":{"line":187,"column":4},"end":{"line":187,"column":24}},"56":{"start":{"line":188,"column":4},"end":{"line":188,"column":56}},"57":{"start":{"line":191,"column":2},"end":{"line":191,"column":21}},"58":{"start":{"line":192,"column":2},"end":{"line":192,"column":23}},"59":{"start":{"line":197,"column":15},"end":{"line":197,"column":57}},"60":{"start":{"line":197,"column":33},"end":{"line":197,"column":56}},"61":{"start":{"line":198,"column":21},"end":{"line":198,"column":78}},"62":{"start":{"line":200,"column":2},"end":{"line":200,"column":31}},"63":{"start":{"line":201,"column":2},"end":{"line":201,"column":21}},"64":{"start":{"line":202,"column":2},"end":{"line":202,"column":23}},"65":{"start":{"line":205,"column":18},"end":{"line":205,"column":49}},"66":{"start":{"line":206,"column":18},"end":{"line":206,"column":49}},"67":{"start":{"line":208,"column":2},"end":{"line":214,"column":3}},"68":{"start":{"line":209,"column":4},"end":{"line":209,"column":46}},"69":{"start":{"line":210,"column":4},"end":{"line":210,"column":46}},"70":{"start":{"line":212,"column":4},"end":{"line":212,"column":46}},"71":{"start":{"line":213,"column":4},"end":{"line":213,"column":46}},"72":{"start":{"line":219,"column":15},"end":{"line":219,"column":53}},"73":{"start":{"line":219,"column":33},"end":{"line":219,"column":52}},"74":{"start":{"line":220,"column":2},"end":{"line":226,"column":3}},"75":{"start":{"line":221,"column":4},"end":{"line":221,"column":31}},"76":{"start":{"line":222,"column":4},"end":{"line":222,"column":27}},"77":{"start":{"line":223,"column":4},"end":{"line":223,"column":20}},"78":{"start":{"line":224,"column":4},"end":{"line":224,"column":20}},"79":{"start":{"line":225,"column":4},"end":{"line":225,"column":25}},"80":{"start":{"line":230,"column":14},"end":{"line":230,"column":24}},"81":{"start":{"line":231,"column":30},"end":{"line":231,"column":68}},"82":{"start":{"line":233,"column":2},"end":{"line":250,"column":5}},"83":{"start":{"line":234,"column":25},"end":{"line":234,"column":61}},"84":{"start":{"line":235,"column":23},"end":{"line":235,"column":57}},"85":{"start":{"line":237,"column":23},"end":{"line":238,"column":55}},"86":{"start":{"line":240,"column":4},"end":{"line":249,"column":5}},"87":{"start":{"line":241,"column":6},"end":{"line":241,"column":35}},"88":{"start":{"line":242,"column":6},"end":{"line":246,"column":7}},"89":{"start":{"line":243,"column":8},"end":{"line":243,"column":42}},"90":{"start":{"line":245,"column":8},"end":{"line":245,"column":42}},"91":{"start":{"line":247,"column":11},"end":{"line":249,"column":5}},"92":{"start":{"line":248,"column":6},"end":{"line":248,"column":36}},"93":{"start":{"line":252,"column":2},"end":{"line":252,"column":18}},"94":{"start":{"line":254,"column":22},"end":{"line":254,"column":62}},"95":{"start":{"line":254,"column":38},"end":{"line":254,"column":61}},"96":{"start":{"line":255,"column":2},"end":{"line":257,"column":3}},"97":{"start":{"line":256,"column":4},"end":{"line":256,"column":30}},"98":{"start":{"line":262,"column":24},"end":{"line":262,"column":66}},"99":{"start":{"line":263,"column":26},"end":{"line":263,"column":69}},"100":{"start":{"line":265,"column":16},"end":{"line":265,"column":58}},"101":{"start":{"line":265,"column":36},"end":{"line":265,"column":57}},"102":{"start":{"line":266,"column":17},"end":{"line":266,"column":60}},"103":{"start":{"line":266,"column":37},"end":{"line":266,"column":59}},"104":{"start":{"line":268,"column":2},"end":{"line":276,"column":3}},"105":{"start":{"line":269,"column":4},"end":{"line":269,"column":33}},"106":{"start":{"line":270,"column":4},"end":{"line":270,"column":44}},"107":{"start":{"line":271,"column":9},"end":{"line":276,"column":3}},"108":{"start":{"line":272,"column":4},"end":{"line":272,"column":34}},"109":{"start":{"line":273,"column":4},"end":{"line":273,"column":47}},"110":{"start":{"line":275,"column":4},"end":{"line":275,"column":39}},"111":{"start":{"line":281,"column":2},"end":{"line":292,"column":3}},"112":{"start":{"line":282,"column":22},"end":{"line":282,"column":52}},"113":{"start":{"line":283,"column":4},"end":{"line":283,"column":26}},"114":{"start":{"line":284,"column":4},"end":{"line":284,"column":53}},"115":{"start":{"line":286,"column":19},"end":{"line":286,"column":46}},"116":{"start":{"line":287,"column":4},"end":{"line":289,"column":61}},"117":{"start":{"line":288,"column":25},"end":{"line":288,"column":61}},"118":{"start":{"line":289,"column":25},"end":{"line":289,"column":59}},"119":{"start":{"line":291,"column":4},"end":{"line":291,"column":37}},"120":{"start":{"line":297,"column":2},"end":{"line":318,"column":5}},"121":{"start":{"line":303,"column":19},"end":{"line":303,"column":73}},"122":{"start":{"line":304,"column":6},"end":{"line":307,"column":7}},"123":{"start":{"line":305,"column":8},"end":{"line":305,"column":63}},"124":{"start":{"line":306,"column":8},"end":{"line":306,"column":21}},"125":{"start":{"line":308,"column":6},"end":{"line":311,"column":7}},"126":{"start":{"line":308,"column":26},"end":{"line":308,"column":41}},"127":{"start":{"line":309,"column":8},"end":{"line":309,"column":58}},"128":{"start":{"line":310,"column":8},"end":{"line":310,"column":21}},"129":{"start":{"line":312,"column":6},"end":{"line":312,"column":18}},"130":{"start":{"line":315,"column":4},"end":{"line":317,"column":5}},"131":{"start":{"line":316,"column":6},"end":{"line":316,"column":31}},"132":{"start":{"line":322,"column":18},"end":{"line":331,"column":4}},"133":{"start":{"line":333,"column":2},"end":{"line":333,"column":22}},"134":{"start":{"line":335,"column":17},"end":{"line":335,"column":39}},"135":{"start":{"line":336,"column":2},"end":{"line":336,"column":55}},"136":{"start":{"line":337,"column":2},"end":{"line":337,"column":18}},"137":{"start":{"line":338,"column":2},"end":{"line":338,"column":23}},"138":{"start":{"line":340,"column":2},"end":{"line":345,"column":5}},"139":{"start":{"line":349,"column":27},"end":{"line":359,"column":1}},"140":{"start":{"line":351,"column":4},"end":{"line":355,"column":7}},"141":{"start":{"line":352,"column":26},"end":{"line":352,"column":68}},"142":{"start":{"line":353,"column":6},"end":{"line":353,"column":36}},"143":{"start":{"line":354,"column":6},"end":{"line":354,"column":35}},"144":{"start":{"line":356,"column":4},"end":{"line":356,"column":20}},"145":{"start":{"line":357,"column":4},"end":{"line":357,"column":62}},"146":{"start":{"line":364,"column":2},"end":{"line":366,"column":5}},"147":{"start":{"line":365,"column":4},"end":{"line":365,"column":32}},"148":{"start":{"line":369,"column":2},"end":{"line":371,"column":5}},"149":{"start":{"line":370,"column":4},"end":{"line":370,"column":40}},"150":{"start":{"line":373,"column":2},"end":{"line":375,"column":5}},"151":{"start":{"line":374,"column":4},"end":{"line":374,"column":40}},"152":{"start":{"line":378,"column":2},"end":{"line":380,"column":5}},"153":{"start":{"line":379,"column":4},"end":{"line":379,"column":24}},"154":{"start":{"line":382,"column":2},"end":{"line":384,"column":5}},"155":{"start":{"line":383,"column":4},"end":{"line":383,"column":24}},"156":{"start":{"line":387,"column":2},"end":{"line":389,"column":5}},"157":{"start":{"line":388,"column":4},"end":{"line":388,"column":65}},"158":{"start":{"line":391,"column":2},"end":{"line":394,"column":5}},"159":{"start":{"line":392,"column":4},"end":{"line":392,"column":62}},"160":{"start":{"line":393,"column":4},"end":{"line":393,"column":60}},"161":{"start":{"line":396,"column":2},"end":{"line":432,"column":5}},"162":{"start":{"line":397,"column":22},"end":{"line":397,"column":58}},"163":{"start":{"line":398,"column":22},"end":{"line":398,"column":58}},"164":{"start":{"line":399,"column":22},"end":{"line":399,"column":54}},"165":{"start":{"line":401,"column":4},"end":{"line":401,"column":37}},"166":{"start":{"line":403,"column":4},"end":{"line":407,"column":5}},"167":{"start":{"line":404,"column":6},"end":{"line":404,"column":40}},"168":{"start":{"line":405,"column":6},"end":{"line":405,"column":63}},"169":{"start":{"line":406,"column":6},"end":{"line":406,"column":13}},"170":{"start":{"line":409,"column":21},"end":{"line":409,"column":46}},"171":{"start":{"line":410,"column":21},"end":{"line":410,"column":46}},"172":{"start":{"line":412,"column":4},"end":{"line":416,"column":5}},"173":{"start":{"line":413,"column":6},"end":{"line":413,"column":40}},"174":{"start":{"line":414,"column":6},"end":{"line":414,"column":68}},"175":{"start":{"line":415,"column":6},"end":{"line":415,"column":13}},"176":{"start":{"line":418,"column":4},"end":{"line":422,"column":5}},"177":{"start":{"line":419,"column":6},"end":{"line":419,"column":40}},"178":{"start":{"line":420,"column":6},"end":{"line":420,"column":71}},"179":{"start":{"line":421,"column":6},"end":{"line":421,"column":13}},"180":{"start":{"line":424,"column":17},"end":{"line":424,"column":59}},"181":{"start":{"line":424,"column":35},"end":{"line":424,"column":58}},"182":{"start":{"line":425,"column":4},"end":{"line":425,"column":33}},"183":{"start":{"line":426,"column":4},"end":{"line":426,"column":33}},"184":{"start":{"line":428,"column":4},"end":{"line":428,"column":25}},"185":{"start":{"line":429,"column":4},"end":{"line":429,"column":25}},"186":{"start":{"line":430,"column":4},"end":{"line":430,"column":62}},"187":{"start":{"line":431,"column":4},"end":{"line":431,"column":35}},"188":{"start":{"line":435,"column":2},"end":{"line":453,"column":5}},"189":{"start":{"line":436,"column":24},"end":{"line":436,"column":57}},"190":{"start":{"line":437,"column":4},"end":{"line":437,"column":29}},"191":{"start":{"line":437,"column":22},"end":{"line":437,"column":29}},"192":{"start":{"line":439,"column":21},"end":{"line":439,"column":35}},"193":{"start":{"line":442,"column":4},"end":{"line":446,"column":5}},"194":{"start":{"line":443,"column":19},"end":{"line":443,"column":57}},"195":{"start":{"line":443,"column":37},"end":{"line":443,"column":56}},"196":{"start":{"line":444,"column":6},"end":{"line":444,"column":26}},"197":{"start":{"line":445,"column":6},"end":{"line":445,"column":22}},"198":{"start":{"line":449,"column":4},"end":{"line":452,"column":5}},"199":{"start":{"line":450,"column":6},"end":{"line":450,"column":32}},"200":{"start":{"line":451,"column":6},"end":{"line":451,"column":56}},"201":{"start":{"line":456,"column":2},"end":{"line":477,"column":5}},"202":{"start":{"line":457,"column":4},"end":{"line":476,"column":5}},"203":{"start":{"line":458,"column":23},"end":{"line":458,"column":44}},"204":{"start":{"line":459,"column":19},"end":{"line":459,"column":40}},"205":{"start":{"line":460,"column":19},"end":{"line":460,"column":55}},"206":{"start":{"line":460,"column":35},"end":{"line":460,"column":54}},"207":{"start":{"line":462,"column":6},"end":{"line":475,"column":7}},"208":{"start":{"line":463,"column":24},"end":{"line":463,"column":38}},"209":{"start":{"line":464,"column":8},"end":{"line":466,"column":9}},"210":{"start":{"line":465,"column":10},"end":{"line":465,"column":57}},"211":{"start":{"line":468,"column":8},"end":{"line":472,"column":9}},"212":{"start":{"line":469,"column":10},"end":{"line":469,"column":37}},"213":{"start":{"line":471,"column":10},"end":{"line":471,"column":35}},"214":{"start":{"line":473,"column":8},"end":{"line":473,"column":24}},"215":{"start":{"line":474,"column":8},"end":{"line":474,"column":29}},"216":{"start":{"line":480,"column":24},"end":{"line":480,"column":66}},"217":{"start":{"line":481,"column":2},"end":{"line":505,"column":5}},"218":{"start":{"line":483,"column":19},"end":{"line":483,"column":42}},"219":{"start":{"line":484,"column":4},"end":{"line":484,"column":42}},"220":{"start":{"line":485,"column":4},"end":{"line":485,"column":68}},"221":{"start":{"line":485,"column":21},"end":{"line":485,"column":61}},"222":{"start":{"line":488,"column":28},"end":{"line":488,"column":71}},"223":{"start":{"line":489,"column":4},"end":{"line":504,"column":5}},"224":{"start":{"line":490,"column":6},"end":{"line":490,"column":46}},"225":{"start":{"line":493,"column":6},"end":{"line":495,"column":9}},"226":{"start":{"line":494,"column":8},"end":{"line":494,"column":56}},"227":{"start":{"line":494,"column":36},"end":{"line":494,"column":56}},"228":{"start":{"line":496,"column":6},"end":{"line":496,"column":22}},"229":{"start":{"line":498,"column":6},"end":{"line":498,"column":49}},"230":{"start":{"line":500,"column":6},"end":{"line":502,"column":9}},"231":{"start":{"line":501,"column":8},"end":{"line":501,"column":55}},"232":{"start":{"line":501,"column":35},"end":{"line":501,"column":55}},"233":{"start":{"line":503,"column":6},"end":{"line":503,"column":22}},"234":{"start":{"line":508,"column":2},"end":{"line":508,"column":86}},"235":{"start":{"line":513,"column":2},"end":{"line":513,"column":28}},"236":{"start":{"line":514,"column":2},"end":{"line":514,"column":31}},"237":{"start":{"line":516,"column":2},"end":{"line":516,"column":22}},"238":{"start":{"line":517,"column":2},"end":{"line":517,"column":23}},"239":{"start":{"line":518,"column":2},"end":{"line":518,"column":18}},"240":{"start":{"line":519,"column":2},"end":{"line":519,"column":24}},"241":{"start":{"line":522,"column":2},"end":{"line":522,"column":36}},"242":{"start":{"line":523,"column":2},"end":{"line":523,"column":61}},"243":{"start":{"line":527,"column":0},"end":{"line":527,"column":52}},"244":{"start":{"line":530,"column":0},"end":{"line":538,"column":1}},"245":{"start":{"line":531,"column":2},"end":{"line":537,"column":4}}},"fnMap":{"0":{"name":"initializeRooms","decl":{"start":{"line":23,"column":9},"end":{"line":23,"column":24}},"loc":{"start":{"line":23,"column":27},"end":{"line":75,"column":1}},"line":23},"1":{"name":"(anonymous_1)","decl":{"start":{"line":29,"column":27},"end":{"line":29,"column":28}},"loc":{"start":{"line":29,"column":35},"end":{"line":29,"column":62}},"line":29},"2":{"name":"saveRoomsToStorage","decl":{"start":{"line":78,"column":9},"end":{"line":78,"column":27}},"loc":{"start":{"line":78,"column":30},"end":{"line":81,"column":1}},"line":78},"3":{"name":"(anonymous_3)","decl":{"start":{"line":79,"column":32},"end":{"line":79,"column":33}},"loc":{"start":{"line":79,"column":40},"end":{"line":79,"column":66}},"line":79},"4":{"name":"setIndicatorPoint","decl":{"start":{"line":84,"column":9},"end":{"line":84,"column":26}},"loc":{"start":{"line":84,"column":37},"end":{"line":88,"column":1}},"line":84},"5":{"name":"updateRoomOverlay","decl":{"start":{"line":90,"column":9},"end":{"line":90,"column":26}},"loc":{"start":{"line":90,"column":33},"end":{"line":94,"column":1}},"line":90},"6":{"name":"updateRoomUI","decl":{"start":{"line":96,"column":9},"end":{"line":96,"column":21}},"loc":{"start":{"line":96,"column":28},"end":{"line":105,"column":1}},"line":96},"7":{"name":"updatePresetButtonStates","decl":{"start":{"line":107,"column":9},"end":{"line":107,"column":33}},"loc":{"start":{"line":107,"column":40},"end":{"line":113,"column":1}},"line":107},"8":{"name":"setInitialOverlay","decl":{"start":{"line":115,"column":9},"end":{"line":115,"column":26}},"loc":{"start":{"line":115,"column":29},"end":{"line":119,"column":1}},"line":115},"9":{"name":"populateRoomSelect","decl":{"start":{"line":122,"column":9},"end":{"line":122,"column":27}},"loc":{"start":{"line":122,"column":30},"end":{"line":130,"column":1}},"line":122},"10":{"name":"(anonymous_10)","decl":{"start":{"line":124,"column":16},"end":{"line":124,"column":17}},"loc":{"start":{"line":124,"column":26},"end":{"line":129,"column":3}},"line":124},"11":{"name":"setSelectedRoom","decl":{"start":{"line":132,"column":9},"end":{"line":132,"column":24}},"loc":{"start":{"line":132,"column":35},"end":{"line":144,"column":1}},"line":132},"12":{"name":"(anonymous_12)","decl":{"start":{"line":134,"column":26},"end":{"line":134,"column":27}},"loc":{"start":{"line":134,"column":33},"end":{"line":134,"column":52}},"line":134},"13":{"name":"generateRooms","decl":{"start":{"line":147,"column":9},"end":{"line":147,"column":22}},"loc":{"start":{"line":147,"column":25},"end":{"line":177,"column":1}},"line":147},"14":{"name":"(anonymous_14)","decl":{"start":{"line":151,"column":16},"end":{"line":151,"column":17}},"loc":{"start":{"line":151,"column":26},"end":{"line":173,"column":3}},"line":151},"15":{"name":"handleTemperatureChange","decl":{"start":{"line":180,"column":9},"end":{"line":180,"column":32}},"loc":{"start":{"line":180,"column":45},"end":{"line":193,"column":1}},"line":180},"16":{"name":"(anonymous_16)","decl":{"start":{"line":181,"column":26},"end":{"line":181,"column":27}},"loc":{"start":{"line":181,"column":33},"end":{"line":181,"column":56}},"line":181},"17":{"name":"applyPreset","decl":{"start":{"line":196,"column":9},"end":{"line":196,"column":20}},"loc":{"start":{"line":196,"column":33},"end":{"line":215,"column":1}},"line":196},"18":{"name":"(anonymous_18)","decl":{"start":{"line":197,"column":26},"end":{"line":197,"column":27}},"loc":{"start":{"line":197,"column":33},"end":{"line":197,"column":56}},"line":197},"19":{"name":"updateSchedule","decl":{"start":{"line":218,"column":9},"end":{"line":218,"column":23}},"loc":{"start":{"line":218,"column":54},"end":{"line":227,"column":1}},"line":218},"20":{"name":"(anonymous_20)","decl":{"start":{"line":219,"column":26},"end":{"line":219,"column":27}},"loc":{"start":{"line":219,"column":33},"end":{"line":219,"column":52}},"line":219},"21":{"name":"checkSchedule","decl":{"start":{"line":229,"column":9},"end":{"line":229,"column":22}},"loc":{"start":{"line":229,"column":25},"end":{"line":258,"column":1}},"line":229},"22":{"name":"(anonymous_22)","decl":{"start":{"line":233,"column":16},"end":{"line":233,"column":17}},"loc":{"start":{"line":233,"column":24},"end":{"line":250,"column":3}},"line":233},"23":{"name":"(anonymous_23)","decl":{"start":{"line":254,"column":33},"end":{"line":254,"column":34}},"loc":{"start":{"line":254,"column":38},"end":{"line":254,"column":61}},"line":254},"24":{"name":"updateMasterToggle","decl":{"start":{"line":261,"column":9},"end":{"line":261,"column":27}},"loc":{"start":{"line":261,"column":30},"end":{"line":277,"column":1}},"line":261},"25":{"name":"(anonymous_25)","decl":{"start":{"line":265,"column":28},"end":{"line":265,"column":29}},"loc":{"start":{"line":265,"column":36},"end":{"line":265,"column":57}},"line":265},"26":{"name":"(anonymous_26)","decl":{"start":{"line":266,"column":29},"end":{"line":266,"column":30}},"loc":{"start":{"line":266,"column":37},"end":{"line":266,"column":59}},"line":266},"27":{"name":"speak","decl":{"start":{"line":280,"column":9},"end":{"line":280,"column":14}},"loc":{"start":{"line":280,"column":39},"end":{"line":293,"column":1}},"line":280},"28":{"name":"(anonymous_28)","decl":{"start":{"line":288,"column":20},"end":{"line":288,"column":21}},"loc":{"start":{"line":288,"column":25},"end":{"line":288,"column":61}},"line":288},"29":{"name":"(anonymous_29)","decl":{"start":{"line":289,"column":20},"end":{"line":289,"column":21}},"loc":{"start":{"line":289,"column":25},"end":{"line":289,"column":59}},"line":289},"30":{"name":"showAddRoomModal","decl":{"start":{"line":296,"column":9},"end":{"line":296,"column":25}},"loc":{"start":{"line":296,"column":28},"end":{"line":319,"column":1}},"line":296},"31":{"name":"(anonymous_31)","decl":{"start":{"line":302,"column":16},"end":{"line":302,"column":17}},"loc":{"start":{"line":302,"column":22},"end":{"line":313,"column":5}},"line":302},"32":{"name":"(anonymous_32)","decl":{"start":{"line":308,"column":21},"end":{"line":308,"column":22}},"loc":{"start":{"line":308,"column":26},"end":{"line":308,"column":41}},"line":308},"33":{"name":"(anonymous_33)","decl":{"start":{"line":314,"column":10},"end":{"line":314,"column":11}},"loc":{"start":{"line":314,"column":22},"end":{"line":318,"column":3}},"line":314},"34":{"name":"addNewRoom","decl":{"start":{"line":321,"column":9},"end":{"line":321,"column":19}},"loc":{"start":{"line":321,"column":26},"end":{"line":346,"column":1}},"line":321},"35":{"name":"(anonymous_35)","decl":{"start":{"line":350,"column":21},"end":{"line":350,"column":22}},"loc":{"start":{"line":350,"column":27},"end":{"line":358,"column":3}},"line":350},"36":{"name":"(anonymous_36)","decl":{"start":{"line":351,"column":18},"end":{"line":351,"column":19}},"loc":{"start":{"line":351,"column":26},"end":{"line":355,"column":5}},"line":351},"37":{"name":"setupEventListeners","decl":{"start":{"line":362,"column":9},"end":{"line":362,"column":28}},"loc":{"start":{"line":362,"column":31},"end":{"line":509,"column":1}},"line":362},"38":{"name":"(anonymous_38)","decl":{"start":{"line":364,"column":62},"end":{"line":364,"column":63}},"loc":{"start":{"line":364,"column":73},"end":{"line":366,"column":3}},"line":364},"39":{"name":"(anonymous_39)","decl":{"start":{"line":369,"column":64},"end":{"line":369,"column":65}},"loc":{"start":{"line":369,"column":70},"end":{"line":371,"column":3}},"line":369},"40":{"name":"(anonymous_40)","decl":{"start":{"line":373,"column":62},"end":{"line":373,"column":63}},"loc":{"start":{"line":373,"column":68},"end":{"line":375,"column":3}},"line":373},"41":{"name":"(anonymous_41)","decl":{"start":{"line":378,"column":60},"end":{"line":378,"column":61}},"loc":{"start":{"line":378,"column":66},"end":{"line":380,"column":3}},"line":378},"42":{"name":"(anonymous_42)","decl":{"start":{"line":382,"column":60},"end":{"line":382,"column":61}},"loc":{"start":{"line":382,"column":66},"end":{"line":384,"column":3}},"line":382},"43":{"name":"(anonymous_43)","decl":{"start":{"line":387,"column":65},"end":{"line":387,"column":66}},"loc":{"start":{"line":387,"column":71},"end":{"line":389,"column":3}},"line":387},"44":{"name":"(anonymous_44)","decl":{"start":{"line":391,"column":61},"end":{"line":391,"column":62}},"loc":{"start":{"line":391,"column":67},"end":{"line":394,"column":3}},"line":391},"45":{"name":"(anonymous_45)","decl":{"start":{"line":396,"column":60},"end":{"line":396,"column":61}},"loc":{"start":{"line":396,"column":66},"end":{"line":432,"column":3}},"line":396},"46":{"name":"(anonymous_46)","decl":{"start":{"line":424,"column":28},"end":{"line":424,"column":29}},"loc":{"start":{"line":424,"column":35},"end":{"line":424,"column":58}},"line":424},"47":{"name":"(anonymous_47)","decl":{"start":{"line":435,"column":69},"end":{"line":435,"column":70}},"loc":{"start":{"line":435,"column":76},"end":{"line":453,"column":3}},"line":435},"48":{"name":"(anonymous_48)","decl":{"start":{"line":443,"column":30},"end":{"line":443,"column":31}},"loc":{"start":{"line":443,"column":37},"end":{"line":443,"column":56}},"line":443},"49":{"name":"(anonymous_49)","decl":{"start":{"line":456,"column":70},"end":{"line":456,"column":71}},"loc":{"start":{"line":456,"column":77},"end":{"line":477,"column":3}},"line":456},"50":{"name":"(anonymous_50)","decl":{"start":{"line":460,"column":30},"end":{"line":460,"column":31}},"loc":{"start":{"line":460,"column":35},"end":{"line":460,"column":54}},"line":460},"51":{"name":"(anonymous_51)","decl":{"start":{"line":481,"column":43},"end":{"line":481,"column":44}},"loc":{"start":{"line":481,"column":54},"end":{"line":505,"column":3}},"line":481},"52":{"name":"(anonymous_52)","decl":{"start":{"line":485,"column":15},"end":{"line":485,"column":16}},"loc":{"start":{"line":485,"column":21},"end":{"line":485,"column":61}},"line":485},"53":{"name":"(anonymous_53)","decl":{"start":{"line":493,"column":20},"end":{"line":493,"column":21}},"loc":{"start":{"line":493,"column":28},"end":{"line":495,"column":7}},"line":493},"54":{"name":"(anonymous_54)","decl":{"start":{"line":500,"column":20},"end":{"line":500,"column":21}},"loc":{"start":{"line":500,"column":28},"end":{"line":502,"column":7}},"line":500},"55":{"name":"init","decl":{"start":{"line":512,"column":9},"end":{"line":512,"column":13}},"loc":{"start":{"line":512,"column":16},"end":{"line":524,"column":1}},"line":512}},"branchMap":{"0":{"loc":{"start":{"line":26,"column":2},"end":{"line":30,"column":3}},"type":"if","locations":[{"start":{"line":26,"column":2},"end":{"line":30,"column":3}},{"start":{},"end":{}}],"line":26},"1":{"loc":{"start":{"line":92,"column":4},"end":{"line":92,"column":52}},"type":"cond-expr","locations":[{"start":{"line":92,"column":25},"end":{"line":92,"column":37}},{"start":{"line":92,"column":40},"end":{"line":92,"column":52}}],"line":92},"2":{"loc":{"start":{"line":111,"column":34},"end":{"line":111,"column":91}},"type":"cond-expr","locations":[{"start":{"line":111,"column":70},"end":{"line":111,"column":79}},{"start":{"line":111,"column":82},"end":{"line":111,"column":91}}],"line":111},"3":{"loc":{"start":{"line":112,"column":34},"end":{"line":112,"column":91}},"type":"cond-expr","locations":[{"start":{"line":112,"column":70},"end":{"line":112,"column":79}},{"start":{"line":112,"column":82},"end":{"line":112,"column":91}}],"line":112},"4":{"loc":{"start":{"line":157,"column":50},"end":{"line":157,"column":88}},"type":"cond-expr","locations":[{"start":{"line":157,"column":74},"end":{"line":157,"column":83}},{"start":{"line":157,"column":86},"end":{"line":157,"column":88}}],"line":157},"5":{"loc":{"start":{"line":169,"column":50},"end":{"line":169,"column":90}},"type":"cond-expr","locations":[{"start":{"line":169,"column":74},"end":{"line":169,"column":81}},{"start":{"line":169,"column":84},"end":{"line":169,"column":90}}],"line":169},"6":{"loc":{"start":{"line":170,"column":10},"end":{"line":170,"column":72}},"type":"cond-expr","locations":[{"start":{"line":170,"column":31},"end":{"line":170,"column":50}},{"start":{"line":170,"column":53},"end":{"line":170,"column":72}}],"line":170},"7":{"loc":{"start":{"line":183,"column":2},"end":{"line":189,"column":3}},"type":"if","locations":[{"start":{"line":183,"column":2},"end":{"line":189,"column":3}},{"start":{"line":186,"column":9},"end":{"line":189,"column":3}}],"line":183},"8":{"loc":{"start":{"line":183,"column":6},"end":{"line":183,"column":53}},"type":"binary-expr","locations":[{"start":{"line":183,"column":6},"end":{"line":183,"column":31}},{"start":{"line":183,"column":35},"end":{"line":183,"column":53}}],"line":183},"9":{"loc":{"start":{"line":186,"column":9},"end":{"line":189,"column":3}},"type":"if","locations":[{"start":{"line":186,"column":9},"end":{"line":189,"column":3}},{"start":{},"end":{}}],"line":186},"10":{"loc":{"start":{"line":186,"column":13},"end":{"line":186,"column":60}},"type":"binary-expr","locations":[{"start":{"line":186,"column":13},"end":{"line":186,"column":38}},{"start":{"line":186,"column":42},"end":{"line":186,"column":60}}],"line":186},"11":{"loc":{"start":{"line":198,"column":21},"end":{"line":198,"column":78}},"type":"cond-expr","locations":[{"start":{"line":198,"column":45},"end":{"line":198,"column":60}},{"start":{"line":198,"column":63},"end":{"line":198,"column":78}}],"line":198},"12":{"loc":{"start":{"line":208,"column":2},"end":{"line":214,"column":3}},"type":"if","locations":[{"start":{"line":208,"column":2},"end":{"line":214,"column":3}},{"start":{"line":211,"column":9},"end":{"line":214,"column":3}}],"line":208},"13":{"loc":{"start":{"line":220,"column":2},"end":{"line":226,"column":3}},"type":"if","locations":[{"start":{"line":220,"column":2},"end":{"line":226,"column":3}},{"start":{},"end":{}}],"line":220},"14":{"loc":{"start":{"line":237,"column":23},"end":{"line":238,"column":55}},"type":"binary-expr","locations":[{"start":{"line":237,"column":23},"end":{"line":237,"column":58}},{"start":{"line":238,"column":22},"end":{"line":238,"column":55}}],"line":237},"15":{"loc":{"start":{"line":240,"column":4},"end":{"line":249,"column":5}},"type":"if","locations":[{"start":{"line":240,"column":4},"end":{"line":249,"column":5}},{"start":{"line":247,"column":11},"end":{"line":249,"column":5}}],"line":240},"16":{"loc":{"start":{"line":240,"column":8},"end":{"line":240,"column":44}},"type":"binary-expr","locations":[{"start":{"line":240,"column":8},"end":{"line":240,"column":18}},{"start":{"line":240,"column":22},"end":{"line":240,"column":44}}],"line":240},"17":{"loc":{"start":{"line":242,"column":6},"end":{"line":246,"column":7}},"type":"if","locations":[{"start":{"line":242,"column":6},"end":{"line":246,"column":7}},{"start":{"line":244,"column":13},"end":{"line":246,"column":7}}],"line":242},"18":{"loc":{"start":{"line":247,"column":11},"end":{"line":249,"column":5}},"type":"if","locations":[{"start":{"line":247,"column":11},"end":{"line":249,"column":5}},{"start":{},"end":{}}],"line":247},"19":{"loc":{"start":{"line":247,"column":15},"end":{"line":247,"column":51}},"type":"binary-expr","locations":[{"start":{"line":247,"column":15},"end":{"line":247,"column":26}},{"start":{"line":247,"column":30},"end":{"line":247,"column":51}}],"line":247},"20":{"loc":{"start":{"line":255,"column":2},"end":{"line":257,"column":3}},"type":"if","locations":[{"start":{"line":255,"column":2},"end":{"line":257,"column":3}},{"start":{},"end":{}}],"line":255},"21":{"loc":{"start":{"line":268,"column":2},"end":{"line":276,"column":3}},"type":"if","locations":[{"start":{"line":268,"column":2},"end":{"line":276,"column":3}},{"start":{"line":271,"column":9},"end":{"line":276,"column":3}}],"line":268},"22":{"loc":{"start":{"line":271,"column":9},"end":{"line":276,"column":3}},"type":"if","locations":[{"start":{"line":271,"column":9},"end":{"line":276,"column":3}},{"start":{"line":274,"column":9},"end":{"line":276,"column":3}}],"line":271},"23":{"loc":{"start":{"line":280,"column":21},"end":{"line":280,"column":37}},"type":"default-arg","locations":[{"start":{"line":280,"column":32},"end":{"line":280,"column":37}}],"line":280},"24":{"loc":{"start":{"line":281,"column":2},"end":{"line":292,"column":3}},"type":"if","locations":[{"start":{"line":281,"column":2},"end":{"line":292,"column":3}},{"start":{},"end":{}}],"line":281},"25":{"loc":{"start":{"line":284,"column":23},"end":{"line":284,"column":52}},"type":"cond-expr","locations":[{"start":{"line":284,"column":45},"end":{"line":284,"column":46}},{"start":{"line":284,"column":49},"end":{"line":284,"column":52}}],"line":284},"26":{"loc":{"start":{"line":287,"column":22},"end":{"line":289,"column":60}},"type":"cond-expr","locations":[{"start":{"line":288,"column":8},"end":{"line":288,"column":62}},{"start":{"line":289,"column":8},"end":{"line":289,"column":60}}],"line":287},"27":{"loc":{"start":{"line":304,"column":6},"end":{"line":307,"column":7}},"type":"if","locations":[{"start":{"line":304,"column":6},"end":{"line":307,"column":7}},{"start":{},"end":{}}],"line":304},"28":{"loc":{"start":{"line":308,"column":6},"end":{"line":311,"column":7}},"type":"if","locations":[{"start":{"line":308,"column":6},"end":{"line":311,"column":7}},{"start":{},"end":{}}],"line":308},"29":{"loc":{"start":{"line":315,"column":4},"end":{"line":317,"column":5}},"type":"if","locations":[{"start":{"line":315,"column":4},"end":{"line":317,"column":5}},{"start":{},"end":{}}],"line":315},"30":{"loc":{"start":{"line":403,"column":4},"end":{"line":407,"column":5}},"type":"if","locations":[{"start":{"line":403,"column":4},"end":{"line":407,"column":5}},{"start":{},"end":{}}],"line":403},"31":{"loc":{"start":{"line":403,"column":8},"end":{"line":403,"column":44}},"type":"binary-expr","locations":[{"start":{"line":403,"column":8},"end":{"line":403,"column":24}},{"start":{"line":403,"column":28},"end":{"line":403,"column":44}}],"line":403},"32":{"loc":{"start":{"line":412,"column":4},"end":{"line":416,"column":5}},"type":"if","locations":[{"start":{"line":412,"column":4},"end":{"line":416,"column":5}},{"start":{},"end":{}}],"line":412},"33":{"loc":{"start":{"line":412,"column":8},"end":{"line":412,"column":38}},"type":"binary-expr","locations":[{"start":{"line":412,"column":8},"end":{"line":412,"column":21}},{"start":{"line":412,"column":25},"end":{"line":412,"column":38}}],"line":412},"34":{"loc":{"start":{"line":418,"column":4},"end":{"line":422,"column":5}},"type":"if","locations":[{"start":{"line":418,"column":4},"end":{"line":422,"column":5}},{"start":{},"end":{}}],"line":418},"35":{"loc":{"start":{"line":437,"column":4},"end":{"line":437,"column":29}},"type":"if","locations":[{"start":{"line":437,"column":4},"end":{"line":437,"column":29}},{"start":{},"end":{}}],"line":437},"36":{"loc":{"start":{"line":442,"column":4},"end":{"line":446,"column":5}},"type":"if","locations":[{"start":{"line":442,"column":4},"end":{"line":446,"column":5}},{"start":{},"end":{}}],"line":442},"37":{"loc":{"start":{"line":449,"column":4},"end":{"line":452,"column":5}},"type":"if","locations":[{"start":{"line":449,"column":4},"end":{"line":452,"column":5}},{"start":{},"end":{}}],"line":449},"38":{"loc":{"start":{"line":457,"column":4},"end":{"line":476,"column":5}},"type":"if","locations":[{"start":{"line":457,"column":4},"end":{"line":476,"column":5}},{"start":{},"end":{}}],"line":457},"39":{"loc":{"start":{"line":462,"column":6},"end":{"line":475,"column":7}},"type":"if","locations":[{"start":{"line":462,"column":6},"end":{"line":475,"column":7}},{"start":{},"end":{}}],"line":462},"40":{"loc":{"start":{"line":464,"column":8},"end":{"line":466,"column":9}},"type":"if","locations":[{"start":{"line":464,"column":8},"end":{"line":466,"column":9}},{"start":{},"end":{}}],"line":464},"41":{"loc":{"start":{"line":468,"column":8},"end":{"line":472,"column":9}},"type":"if","locations":[{"start":{"line":468,"column":8},"end":{"line":472,"column":9}},{"start":{"line":470,"column":15},"end":{"line":472,"column":9}}],"line":468},"42":{"loc":{"start":{"line":489,"column":4},"end":{"line":504,"column":5}},"type":"if","locations":[{"start":{"line":489,"column":4},"end":{"line":504,"column":5}},{"start":{"line":497,"column":11},"end":{"line":504,"column":5}}],"line":489},"43":{"loc":{"start":{"line":494,"column":8},"end":{"line":494,"column":56}},"type":"if","locations":[{"start":{"line":494,"column":8},"end":{"line":494,"column":56}},{"start":{},"end":{}}],"line":494},"44":{"loc":{"start":{"line":501,"column":8},"end":{"line":501,"column":55}},"type":"if","locations":[{"start":{"line":501,"column":8},"end":{"line":501,"column":55}},{"start":{},"end":{}}],"line":501},"45":{"loc":{"start":{"line":530,"column":0},"end":{"line":538,"column":1}},"type":"if","locations":[{"start":{"line":530,"column":0},"end":{"line":538,"column":1}},{"start":{},"end":{}}],"line":530},"46":{"loc":{"start":{"line":530,"column":4},"end":{"line":530,"column":51}},"type":"binary-expr","locations":[{"start":{"line":530,"column":4},"end":{"line":530,"column":33}},{"start":{"line":530,"column":37},"end":{"line":530,"column":51}}],"line":530}},"s":{"0":1,"1":1,"2":1,"3":1,"4":0,"5":0,"6":0,"7":1,"8":0,"9":0,"10":0,"11":0,"12":0,"13":0,"14":0,"15":0,"16":0,"17":0,"18":0,"19":0,"20":0,"21":0,"22":0,"23":0,"24":0,"25":0,"26":0,"27":0,"28":0,"29":0,"30":0,"31":0,"32":0,"33":0,"34":0,"35":0,"36":0,"37":0,"38":0,"39":0,"40":0,"41":0,"42":0,"43":0,"44":0,"45":0,"46":0,"47":0,"48":0,"49":0,"50":0,"51":0,"52":0,"53":0,"54":0,"55":0,"56":0,"57":0,"58":0,"59":0,"60":0,"61":0,"62":0,"63":0,"64":0,"65":0,"66":0,"67":0,"68":0,"69":0,"70":0,"71":0,"72":0,"73":0,"74":0,"75":0,"76":0,"77":0,"78":0,"79":0,"80":0,"81":0,"82":0,"83":0,"84":0,"85":0,"86":0,"87":0,"88":0,"89":0,"90":0,"91":0,"92":0,"93":0,"94":0,"95":0,"96":0,"97":0,"98":0,"99":0,"100":0,"101":0,"102":0,"103":0,"104":0,"105":0,"106":0,"107":0,"108":0,"109":0,"110":0,"111":0,"112":0,"113":0,"114":0,"115":0,"116":0,"117":0,"118":0,"119":0,"120":0,"121":0,"122":0,"123":0,"124":0,"125":0,"126":0,"127":0,"128":0,"129":0,"130":0,"131":0,"132":0,"133":0,"134":0,"135":0,"136":0,"137":0,"138":0,"139":1,"140":0,"141":0,"142":0,"143":0,"144":0,"145":0,"146":0,"147":0,"148":0,"149":0,"150":0,"151":0,"152":0,"153":0,"154":0,"155":0,"156":0,"157":0,"158":0,"159":0,"160":0,"161":0,"162":0,"163":0,"164":0,"165":0,"166":0,"167":0,"168":0,"169":0,"170":0,"171":0,"172":0,"173":0,"174":0,"175":0,"176":0,"177":0,"178":0,"179":0,"180":0,"181":0,"182":0,"183":0,"184":0,"185":0,"186":0,"187":0,"188":0,"189":0,"190":0,"191":0,"192":0,"193":0,"194":0,"195":0,"196":0,"197":0,"198":0,"199":0,"200":0,"201":0,"202":0,"203":0,"204":0,"205":0,"206":0,"207":0,"208":0,"209":0,"210":0,"211":0,"212":0,"213":0,"214":0,"215":0,"216":0,"217":0,"218":0,"219":0,"220":0,"221":0,"222":0,"223":0,"224":0,"225":0,"226":0,"227":0,"228":0,"229":0,"230":0,"231":0,"232":0,"233":0,"234":0,"235":0,"236":0,"237":0,"238":0,"239":0,"240":0,"241":0,"242":0,"243":1,"244":1,"245":1},"f":{"0":1,"1":0,"2":0,"3":0,"4":0,"5":0,"6":0,"7":0,"8":0,"9":0,"10":0,"11":0,"12":0,"13":0,"14":0,"15":0,"16":0,"17":0,"18":0,"19":0,"20":0,"21":0,"22":0,"23":0,"24":0,"25":0,"26":0,"27":0,"28":0,"29":0,"30":0,"31":0,"32":0,"33":0,"34":0,"35":0,"36":0,"37":0,"38":0,"39":0,"40":0,"41":0,"42":0,"43":0,"44":0,"45":0,"46":0,"47":0,"48":0,"49":0,"50":0,"51":0,"52":0,"53":0,"54":0,"55":0},"b":{"0":[0,1],"1":[0,0],"2":[0,0],"3":[0,0],"4":[0,0],"5":[0,0],"6":[0,0],"7":[0,0],"8":[0,0],"9":[0,0],"10":[0,0],"11":[0,0],"12":[0,0],"13":[0,0],"14":[0,0],"15":[0,0],"16":[0,0],"17":[0,0],"18":[0,0],"19":[0,0],"20":[0,0],"21":[0,0],"22":[0,0],"23":[0],"24":[0,0],"25":[0,0],"26":[0,0],"27":[0,0],"28":[0,0],"29":[0,0],"30":[0,0],"31":[0,0],"32":[0,0],"33":[0,0],"34":[0,0],"35":[0,0],"36":[0,0],"37":[0,0],"38":[0,0],"39":[0,0],"40":[0,0],"41":[0,0],"42":[0,0],"43":[0,0],"44":[0,0],"45":[1,0],"46":[1,1]},"_coverageSchema":"1a1c01bbd47fc00a2c39e90264f33305004495a9","hash":"6591e8491a6963e8ea89f6c53a3b41597741293f"}
}
