TN:
SF:functions.js
FN:5,convertTimeToMinutes
FN:10,getCurrentTimes
FN:25,formatDisplayTime
FN:30,isValidTime
FN:33,speak
FN:41,(anonymous_5)
FN:42,(anonymous_6)
FN:48,calculatePointPosition
FN:60,predictOptimalTemp
FN:74,createRoomForStorage
FN:87,createRoomWithMethods
FN:90,(anonymous_11)
FN:91,(anonymous_12)
FN:92,(anonymous_13)
FN:93,(anonymous_14)
FN:94,(anonymous_15)
FN:95,(anonymous_16)
FNF:17
FNH:6
FNDA:4,convertTimeToMinutes
FNDA:0,getCurrentTimes
FNDA:0,formatDisplayTime
FNDA:7,isValidTime
FNDA:0,speak
FNDA:0,(anonymous_5)
FNDA:0,(anonymous_6)
FNDA:3,calculatePointPosition
FNDA:2,predictOptimalTemp
FNDA:1,createRoomForStorage
FNDA:4,createRoomWithMethods
FNDA:0,(anonymous_11)
FNDA:0,(anonymous_12)
FNDA:0,(anonymous_13)
FNDA:0,(anonymous_14)
FNDA:0,(anonymous_15)
FNDA:0,(anonymous_16)
DA:6,4
DA:7,4
DA:11,0
DA:12,0
DA:13,0
DA:15,0
DA:16,0
DA:17,0
DA:19,0
DA:26,0
DA:27,0
DA:31,7
DA:34,0
DA:35,0
DA:36,0
DA:37,0
DA:39,0
DA:40,0
DA:41,0
DA:42,0
DA:44,0
DA:49,3
DA:50,3
DA:51,3
DA:52,3
DA:54,3
DA:61,2
DA:62,2
DA:64,2
DA:65,2
DA:67,2
DA:68,2
DA:70,2
DA:75,1
DA:88,4
DA:90,0
DA:91,0
DA:92,0
DA:93,0
DA:94,0
DA:96,0
DA:97,0
DA:98,0
DA:99,0
DA:101,0
DA:108,1
DA:109,1
LF:47
LH:19
BRDA:33,0,0,0
BRDA:34,1,0,0
BRDA:34,1,1,0
BRDA:37,2,0,0
BRDA:37,2,1,0
BRDA:40,3,0,0
BRDA:40,3,1,0
BRDA:64,4,0,0
BRDA:64,4,1,2
BRDA:64,5,0,2
BRDA:64,5,1,2
BRDA:65,6,0,0
BRDA:65,6,1,2
BRDA:67,7,0,2
BRDA:67,7,1,0
BRDA:68,8,0,0
BRDA:68,8,1,2
BRDA:97,9,0,0
BRDA:97,9,1,0
BRDA:98,10,0,0
BRDA:98,10,1,0
BRF:21
BRH:6
end_of_record
TN:
SF:main.js
FN:23,initializeRooms
FN:29,(anonymous_1)
FN:78,saveRoomsToStorage
FN:79,(anonymous_3)
FN:84,setIndicatorPoint
FN:90,updateRoomOverlay
FN:96,updateRoomUI
FN:107,updatePresetButtonStates
FN:115,setInitialOverlay
FN:122,populateRoomSelect
FN:124,(anonymous_10)
FN:132,setSelectedRoom
FN:134,(anonymous_12)
FN:147,generateRooms
FN:151,(anonymous_14)
FN:180,handleTemperatureChange
FN:181,(anonymous_16)
FN:196,applyPreset
FN:197,(anonymous_18)
FN:218,updateSchedule
FN:219,(anonymous_20)
FN:229,checkSchedule
FN:233,(anonymous_22)
FN:254,(anonymous_23)
FN:261,updateMasterToggle
FN:265,(anonymous_25)
FN:266,(anonymous_26)
FN:280,speak
FN:288,(anonymous_28)
FN:289,(anonymous_29)
FN:296,showAddRoomModal
FN:302,(anonymous_31)
FN:308,(anonymous_32)
FN:314,(anonymous_33)
FN:321,addNewRoom
FN:350,(anonymous_35)
FN:351,(anonymous_36)
FN:362,setupEventListeners
FN:364,(anonymous_38)
FN:369,(anonymous_39)
FN:373,(anonymous_40)
FN:378,(anonymous_41)
FN:382,(anonymous_42)
FN:387,(anonymous_43)
FN:391,(anonymous_44)
FN:396,(anonymous_45)
FN:424,(anonymous_46)
FN:435,(anonymous_47)
FN:443,(anonymous_48)
FN:456,(anonymous_49)
FN:460,(anonymous_50)
FN:481,(anonymous_51)
FN:485,(anonymous_52)
FN:493,(anonymous_53)
FN:500,(anonymous_54)
FN:512,init
FNF:56
FNH:1
FNDA:1,initializeRooms
FNDA:0,(anonymous_1)
FNDA:0,saveRoomsToStorage
FNDA:0,(anonymous_3)
FNDA:0,setIndicatorPoint
FNDA:0,updateRoomOverlay
FNDA:0,updateRoomUI
FNDA:0,updatePresetButtonStates
FNDA:0,setInitialOverlay
FNDA:0,populateRoomSelect
FNDA:0,(anonymous_10)
FNDA:0,setSelectedRoom
FNDA:0,(anonymous_12)
FNDA:0,generateRooms
FNDA:0,(anonymous_14)
FNDA:0,handleTemperatureChange
FNDA:0,(anonymous_16)
FNDA:0,applyPreset
FNDA:0,(anonymous_18)
FNDA:0,updateSchedule
FNDA:0,(anonymous_20)
FNDA:0,checkSchedule
FNDA:0,(anonymous_22)
FNDA:0,(anonymous_23)
FNDA:0,updateMasterToggle
FNDA:0,(anonymous_25)
FNDA:0,(anonymous_26)
FNDA:0,speak
FNDA:0,(anonymous_28)
FNDA:0,(anonymous_29)
FNDA:0,showAddRoomModal
FNDA:0,(anonymous_31)
FNDA:0,(anonymous_32)
FNDA:0,(anonymous_33)
FNDA:0,addNewRoom
FNDA:0,(anonymous_35)
FNDA:0,(anonymous_36)
FNDA:0,setupEventListeners
FNDA:0,(anonymous_38)
FNDA:0,(anonymous_39)
FNDA:0,(anonymous_40)
FNDA:0,(anonymous_41)
FNDA:0,(anonymous_42)
FNDA:0,(anonymous_43)
FNDA:0,(anonymous_44)
FNDA:0,(anonymous_45)
FNDA:0,(anonymous_46)
FNDA:0,(anonymous_47)
FNDA:0,(anonymous_48)
FNDA:0,(anonymous_49)
FNDA:0,(anonymous_50)
FNDA:0,(anonymous_51)
FNDA:0,(anonymous_52)
FNDA:0,(anonymous_53)
FNDA:0,(anonymous_54)
FNDA:0,init
DA:19,1
DA:20,1
DA:25,1
DA:26,1
DA:27,0
DA:29,0
DA:33,1
DA:79,0
DA:80,0
DA:85,0
DA:86,0
DA:87,0
DA:91,0
DA:97,0
DA:98,0
DA:99,0
DA:100,0
DA:101,0
DA:104,0
DA:108,0
DA:109,0
DA:111,0
DA:112,0
DA:116,0
DA:117,0
DA:118,0
DA:123,0
DA:124,0
DA:125,0
DA:126,0
DA:127,0
DA:128,0
DA:133,0
DA:134,0
DA:136,0
DA:137,0
DA:138,0
DA:139,0
DA:140,0
DA:143,0
DA:148,0
DA:149,0
DA:151,0
DA:152,0
DA:175,0
DA:176,0
DA:181,0
DA:183,0
DA:184,0
DA:185,0
DA:186,0
DA:187,0
DA:188,0
DA:191,0
DA:192,0
DA:197,0
DA:198,0
DA:200,0
DA:201,0
DA:202,0
DA:205,0
DA:206,0
DA:208,0
DA:209,0
DA:210,0
DA:212,0
DA:213,0
DA:219,0
DA:220,0
DA:221,0
DA:222,0
DA:223,0
DA:224,0
DA:225,0
DA:230,0
DA:231,0
DA:233,0
DA:234,0
DA:235,0
DA:237,0
DA:240,0
DA:241,0
DA:242,0
DA:243,0
DA:245,0
DA:247,0
DA:248,0
DA:252,0
DA:254,0
DA:255,0
DA:256,0
DA:262,0
DA:263,0
DA:265,0
DA:266,0
DA:268,0
DA:269,0
DA:270,0
DA:271,0
DA:272,0
DA:273,0
DA:275,0
DA:281,0
DA:282,0
DA:283,0
DA:284,0
DA:286,0
DA:287,0
DA:288,0
DA:289,0
DA:291,0
DA:297,0
DA:303,0
DA:304,0
DA:305,0
DA:306,0
DA:308,0
DA:309,0
DA:310,0
DA:312,0
DA:315,0
DA:316,0
DA:322,0
DA:333,0
DA:335,0
DA:336,0
DA:337,0
DA:338,0
DA:340,0
DA:349,1
DA:351,0
DA:352,0
DA:353,0
DA:354,0
DA:356,0
DA:357,0
DA:364,0
DA:365,0
DA:369,0
DA:370,0
DA:373,0
DA:374,0
DA:378,0
DA:379,0
DA:382,0
DA:383,0
DA:387,0
DA:388,0
DA:391,0
DA:392,0
DA:393,0
DA:396,0
DA:397,0
DA:398,0
DA:399,0
DA:401,0
DA:403,0
DA:404,0
DA:405,0
DA:406,0
DA:409,0
DA:410,0
DA:412,0
DA:413,0
DA:414,0
DA:415,0
DA:418,0
DA:419,0
DA:420,0
DA:421,0
DA:424,0
DA:425,0
DA:426,0
DA:428,0
DA:429,0
DA:430,0
DA:431,0
DA:435,0
DA:436,0
DA:437,0
DA:439,0
DA:442,0
DA:443,0
DA:444,0
DA:445,0
DA:449,0
DA:450,0
DA:451,0
DA:456,0
DA:457,0
DA:458,0
DA:459,0
DA:460,0
DA:462,0
DA:463,0
DA:464,0
DA:465,0
DA:468,0
DA:469,0
DA:471,0
DA:473,0
DA:474,0
DA:480,0
DA:481,0
DA:483,0
DA:484,0
DA:485,0
DA:488,0
DA:489,0
DA:490,0
DA:493,0
DA:494,0
DA:496,0
DA:498,0
DA:500,0
DA:501,0
DA:503,0
DA:508,0
DA:513,0
DA:514,0
DA:516,0
DA:517,0
DA:518,0
DA:519,0
DA:522,0
DA:523,0
DA:527,1
DA:530,1
DA:531,1
LF:229
LH:9
BRDA:26,0,0,0
BRDA:26,0,1,1
BRDA:92,1,0,0
BRDA:92,1,1,0
BRDA:111,2,0,0
BRDA:111,2,1,0
BRDA:112,3,0,0
BRDA:112,3,1,0
BRDA:157,4,0,0
BRDA:157,4,1,0
BRDA:169,5,0,0
BRDA:169,5,1,0
BRDA:170,6,0,0
BRDA:170,6,1,0
BRDA:183,7,0,0
BRDA:183,7,1,0
BRDA:183,8,0,0
BRDA:183,8,1,0
BRDA:186,9,0,0
BRDA:186,9,1,0
BRDA:186,10,0,0
BRDA:186,10,1,0
BRDA:198,11,0,0
BRDA:198,11,1,0
BRDA:208,12,0,0
BRDA:208,12,1,0
BRDA:220,13,0,0
BRDA:220,13,1,0
BRDA:237,14,0,0
BRDA:237,14,1,0
BRDA:240,15,0,0
BRDA:240,15,1,0
BRDA:240,16,0,0
BRDA:240,16,1,0
BRDA:242,17,0,0
BRDA:242,17,1,0
BRDA:247,18,0,0
BRDA:247,18,1,0
BRDA:247,19,0,0
BRDA:247,19,1,0
BRDA:255,20,0,0
BRDA:255,20,1,0
BRDA:268,21,0,0
BRDA:268,21,1,0
BRDA:271,22,0,0
BRDA:271,22,1,0
BRDA:280,23,0,0
BRDA:281,24,0,0
BRDA:281,24,1,0
BRDA:284,25,0,0
BRDA:284,25,1,0
BRDA:287,26,0,0
BRDA:287,26,1,0
BRDA:304,27,0,0
BRDA:304,27,1,0
BRDA:308,28,0,0
BRDA:308,28,1,0
BRDA:315,29,0,0
BRDA:315,29,1,0
BRDA:403,30,0,0
BRDA:403,30,1,0
BRDA:403,31,0,0
BRDA:403,31,1,0
BRDA:412,32,0,0
BRDA:412,32,1,0
BRDA:412,33,0,0
BRDA:412,33,1,0
BRDA:418,34,0,0
BRDA:418,34,1,0
BRDA:437,35,0,0
BRDA:437,35,1,0
BRDA:442,36,0,0
BRDA:442,36,1,0
BRDA:449,37,0,0
BRDA:449,37,1,0
BRDA:457,38,0,0
BRDA:457,38,1,0
BRDA:462,39,0,0
BRDA:462,39,1,0
BRDA:464,40,0,0
BRDA:464,40,1,0
BRDA:468,41,0,0
BRDA:468,41,1,0
BRDA:489,42,0,0
BRDA:489,42,1,0
BRDA:494,43,0,0
BRDA:494,43,1,0
BRDA:501,44,0,0
BRDA:501,44,1,0
BRDA:530,45,0,1
BRDA:530,45,1,0
BRDA:530,46,0,1
BRDA:530,46,1,1
BRF:93
BRH:4
end_of_record
